<?xml version="1.0" encoding="UTF-8"?>
<!-- Generated by org.testng.reporters.JUnitXMLReporter -->
<testsuite hostname="TANMAY-PC" name="Test" tests="8" failures="0" timestamp="26 Dec 2019 16:44:57 GMT" time="0.232" errors="0">
  <testcase name="testOne" time="0.017" classname="com.TestNG.Dec_ParallerExecutions.TestTwo"/>
  <testcase name="testOne" time="0.025" classname="com.TestNG.Dec_ParallerExecutions.TestOne"/>
  <testcase name="testTwo" time="0.006" classname="com.TestNG.Dec_ParallerExecutions.TestOne"/>
  <testcase name="testOne" time="0.056" classname="com.TestNG.Dec_ParallerExecutions.TestFour"/>
  <testcase name="testOne" time="0.067" classname="com.TestNG.Dec_ParallerExecutions.ParalleExecutions"/>
  <testcase name="testTwo" time="0.009" classname="com.TestNG.Dec_ParallerExecutions.TestFour"/>
  <testcase name="testTwo" time="0.005" classname="com.TestNG.Dec_ParallerExecutions.TestTwo"/>
  <testcase name="testTwo" time="0.004" classname="com.TestNG.Dec_ParallerExecutions.ParalleExecutions"/>
</testsuite> <!-- Test -->
